<?xml version="1.0" encoding="UTF-8"?>
<testsuite name="br.com.concurrency.pratrice.WorkerTest" tests="1" skipped="0" failures="0" errors="0" timestamp="2020-03-06T02:14:16" hostname="projeto-Predator-G3-572" time="0.069">
  <properties/>
  <testcase name="countdownlach_test()" classname="br.com.concurrency.pratrice.WorkerTest" time="0.069"/>
  <system-out><![CDATA[Thread-5
Thread-4
Thread-7
Thread-3
Thread-6
]]></system-out>
  <system-err><![CDATA[]]></system-err>
</testsuite>
